<?xml version="1.0" encoding="UTF-8"?>
<testng-results skipped="0" failed="0" ignored="0" total="1" passed="1">
  <reporter-output>
  </reporter-output>
  <suite name="Default suite" duration-ms="8322" started-at="2020-02-22T17:39:25Z" finished-at="2020-02-22T17:39:34Z">
    <groups>
    </groups>
    <test name="Default test" duration-ms="8322" started-at="2020-02-22T17:39:25Z" finished-at="2020-02-22T17:39:34Z">
      <class name="get.GetRequest">
        <test-method status="PASS" signature="getResourceTest()[pri:0, instance:get.GetRequest@6f7fd0e6]" name="getResourceTest" duration-ms="8240" started-at="2020-02-22T17:39:26Z" finished-at="2020-02-22T17:39:34Z">
          <reporter-output>
          </reporter-output>
        </test-method> <!-- getResourceTest -->
      </class> <!-- get.GetRequest -->
    </test> <!-- Default test -->
  </suite> <!-- Default suite -->
</testng-results>
